
> vintaid-landing@0.1.0 build
> next build

  ▲ Next.js 14.2.33

   Creating an optimized production build ...
Failed to compile.

./app/coming-soon/page.tsx
Error: 
  [31mx[0m Unexpected token `div`. Expected jsx identifier
   ,-[[36;1;4mC:\Users\Keyvan MOTAMED\Documents\vintaid.ai - landing\app\coming-soon\page.tsx[0m:4:1]
 [2m4[0m | 
 [2m5[0m | export default function ComingSoon() {
 [2m6[0m |     return (
 [2m7[0m |         <div className="min-h-screen flex flex-col items-center justify-center bg-stone-50 px-4 text-center">
   : [31;1m         ^^^[0m
 [2m8[0m |             <div className="bg-white p-4 rounded-2xl shadow-sm mb-6">
 [2m9[0m |             </Link>
 [2m9[0m |         </div>
   `----

Caused by:
    Syntax Error

Import trace for requested module:
./app/coming-soon/page.tsx

./app/legal/cgu-cgv/page.tsx
Error: 
  [31mx[0m Expression expected
    ,-[[36;1;4mC:\Users\Keyvan MOTAMED\Documents\vintaid.ai - landing\app\legal\cgu-cgv\page.tsx[0m:6:1]
 [2m 6[0m | };
 [2m 7[0m | 
 [2m 8[0m | export default function CGUCGV() {
 [2m 9[0m |         </>
    : [31;1m         ^[0m
 [2m10[0m |     );
 [2m11[0m | }
    `----

  [31mx[0m Expression expected
    ,-[[36;1;4mC:\Users\Keyvan MOTAMED\Documents\vintaid.ai - landing\app\legal\cgu-cgv\page.tsx[0m:6:1]
 [2m 6[0m | };
 [2m 7[0m | 
 [2m 8[0m | export default function CGUCGV() {
 [2m 9[0m |         </>
    : [31;1m          ^[0m
 [2m10[0m |     );
 [2m11[0m | }
    `----

Caused by:
    Syntax Error

Import trace for requested module:
./app/legal/cgu-cgv/page.tsx


> Build failed because of webpack errors
